<?xml version="1.0" encoding="UTF-8"?>
<!-- Generated by org.testng.reporters.JUnitReportReporter -->
<testsuite hostname="LAPTOP-4ER7CTC7" failures="0" tests="20" name="cucumber.options.TestRunner" time="80.501" errors="0" timestamp="2025-01-20T00:07:35 IST" skipped="0">
  <testcase classname="cucumber.options.TestRunner" name="runScenario" time="6.667"/>
  <testcase classname="cucumber.options.TestRunner" name="runScenario" time="11.172"/>
  <testcase classname="cucumber.options.TestRunner" name="runScenario" time="2.608"/>
  <testcase classname="cucumber.options.TestRunner" name="runScenario" time="2.838"/>
  <testcase classname="cucumber.options.TestRunner" name="runScenario" time="3.252"/>
  <testcase classname="cucumber.options.TestRunner" name="runScenario" time="2.700"/>
  <testcase classname="cucumber.options.TestRunner" name="runScenario" time="7.139"/>
  <testcase classname="cucumber.options.TestRunner" name="runScenario" time="2.739"/>
  <testcase classname="cucumber.options.TestRunner" name="runScenario" time="2.862"/>
  <testcase classname="cucumber.options.TestRunner" name="runScenario" time="2.783"/>
  <testcase classname="cucumber.options.TestRunner" name="runScenario" time="2.778"/>
  <testcase classname="cucumber.options.TestRunner" name="runScenario" time="7.279"/>
  <testcase classname="cucumber.options.TestRunner" name="runScenario" time="3.545"/>
  <testcase classname="cucumber.options.TestRunner" name="runScenario" time="3.031"/>
  <testcase classname="cucumber.options.TestRunner" name="runScenario" time="2.998"/>
  <testcase classname="cucumber.options.TestRunner" name="runScenario" time="2.869"/>
  <testcase classname="cucumber.options.TestRunner" name="runScenario" time="2.809"/>
  <testcase classname="cucumber.options.TestRunner" name="runScenario" time="2.780"/>
  <testcase classname="cucumber.options.TestRunner" name="runScenario" time="3.410"/>
  <testcase classname="cucumber.options.TestRunner" name="runScenario" time="4.242"/>
</testsuite> <!-- cucumber.options.TestRunner -->
